c:\vs\project4-1\project3_0331\exec\debug\vc140.pdb
c:\vs\project4-1\project3_0331\exec\debug\vc140.idb
c:\vs\project4-1\project3_0331\exec\debug\codepublisher.obj
c:\vs\project4-1\project3_0331\exec\debug\hidefunchandle.obj
c:\vs\project4-1\project3_0331\exec\debug\depanal.obj
c:\vs\project4-1\project3_0331\exec\debug\depdisplay.obj
c:\vs\project4-1\project3_0331\exec\debug\filemgr.obj
c:\vs\project4-1\project3_0331\exec\debug\filesystem.obj
c:\vs\project4-1\project3_0331\exec\debug\httpmessage.obj
c:\vs\project4-1\project3_0331\exec\debug\logger.obj
c:\vs\project4-1\project3_0331\exec\debug\msgclient.obj
c:\vs\project4-1\project3_0331\exec\debug\myclient.obj
c:\vs\project4-1\project3_0331\exec\debug\datetime.obj
c:\vs\project4-1\project3_0331\exec\debug\publishrepository.obj
c:\vs\project4-1\project3_0331\exec\debug\msgserver.obj
c:\vs\project4-1\project3_0331\exec\debug\myserver.obj
c:\vs\project4-1\project3_0331\exec\debug\sockets.obj
c:\vs\project4-1\project3_0331\exec\debug\strongcomp.obj
c:\vs\project4-1\project3_0331\exec\debug\tokenizer.obj
c:\vs\project4-1\project3_0331\exec\debug\utilities.obj
c:\vs\project4-1\project3_0331\exec\debug\xmlwriter.obj
c:\vs\project4-1\project3_0331\exec\debug\executive.obj
c:\vs\project4-1\project3_0331\debug\serverexec.ilk
c:\vs\project4-1\project3_0331\debug\serverexec.exe
c:\vs\project4-1\project3_0331\debug\serverexec.pdb
c:\vs\project4-1\project3_0331\exec\debug\serverexec.tlog\cl.command.1.tlog
c:\vs\project4-1\project3_0331\exec\debug\serverexec.tlog\cl.read.1.tlog
c:\vs\project4-1\project3_0331\exec\debug\serverexec.tlog\cl.write.1.tlog
c:\vs\project4-1\project3_0331\exec\debug\serverexec.tlog\link.command.1.tlog
c:\vs\project4-1\project3_0331\exec\debug\serverexec.tlog\link.read.1.tlog
c:\vs\project4-1\project3_0331\exec\debug\serverexec.tlog\link.write.1.tlog
