c:\vs\project4-1\project3_0331\depanal\debug\vc140.pdb
c:\vs\project4-1\project3_0331\depanal\debug\vc140.idb
c:\vs\project4-1\project3_0331\depanal\debug\depdisplay.obj
c:\vs\project4-1\project3_0331\depanal\debug\filesystem.obj
c:\vs\project4-1\project3_0331\depanal\debug\logger.obj
c:\vs\project4-1\project3_0331\depanal\debug\datetime.obj
c:\vs\project4-1\project3_0331\depanal\debug\strongcomp.obj
c:\vs\project4-1\project3_0331\depanal\debug\tokenizer.obj
c:\vs\project4-1\project3_0331\depanal\debug\utilities.obj
c:\vs\project4-1\project3_0331\depanal\debug\xmlwriter.obj
c:\vs\project4-1\project3_0331\depanal\debug\depanal.obj
c:\vs\project4-1\project3_0331\debug\depanal.ilk
c:\vs\project4-1\project3_0331\debug\depanal.exe
c:\vs\project4-1\project3_0331\debug\depanal.pdb
c:\vs\project4-1\project3_0331\depanal\debug\depanal.tlog\cl.command.1.tlog
c:\vs\project4-1\project3_0331\depanal\debug\depanal.tlog\cl.read.1.tlog
c:\vs\project4-1\project3_0331\depanal\debug\depanal.tlog\cl.write.1.tlog
c:\vs\project4-1\project3_0331\depanal\debug\depanal.tlog\link.command.1.tlog
c:\vs\project4-1\project3_0331\depanal\debug\depanal.tlog\link.read.1.tlog
c:\vs\project4-1\project3_0331\depanal\debug\depanal.tlog\link.write.1.tlog
